The system is: Windows - 10.0.18363 - AMD64
Compiling the C compiler identification source file "CMakeCCompilerId.c" succeeded.
Compiler: C:/Program Files (x86)/Microsoft Visual Studio/2019/Community/VC/Tools/MSVC/14.27.29110/bin/Hostx86/x86/cl.exe 
Build flags: 
Id flags:  

The output was:
0
Microsoft (R) C/C++ Optimizing Compiler Version 19.27.29112 for x86
Copyright (C) Microsoft Corporation.  All rights reserved.

CMakeCCompilerId.c
Microsoft (R) Incremental Linker Version 14.27.29112.0
Copyright (C) Microsoft Corporation.  All rights reserved.

/out:CMakeCCompilerId.exe 
CMakeCCompilerId.obj 


Compilation of the C compiler identification source "CMakeCCompilerId.c" produced "CMakeCCompilerId.exe"

Compilation of the C compiler identification source "CMakeCCompilerId.c" produced "CMakeCCompilerId.obj"

The C compiler identification is MSVC, found in "C:/Users/hehexd/Desktop/Drive/UoM/Programozas Alapjai/Gyakorlas1/cmake-build-debug/CMakeFiles/3.17.3/CompilerIdC/CMakeCCompilerId.exe"

Determining if the C compiler works passed with the following output:
Change Dir: C:/Users/hehexd/Desktop/Drive/UoM/Programozas Alapjai/Gyakorlas1/cmake-build-debug/CMakeFiles/CMakeTmp

Run Build Command(s):nmake /nologo cmTC_fb9eb\fast && 	"C:\Program Files (x86)\Microsoft Visual Studio\2019\Community\VC\Tools\MSVC\14.27.29110\bin\HostX86\x86\nmake.exe"  -f CMakeFiles\cmTC_fb9eb.dir\build.make /nologo -L                  CMakeFiles\cmTC_fb9eb.dir\build
Building C object CMakeFiles/cmTC_fb9eb.dir/testCCompiler.c.obj
	C:\PROGRA~2\MICROS~2\2019\Community\VC\Tools\MSVC\14.27.29110\bin\Hostx86\x86\cl.exe @C:\Users\hehexd\AppData\Local\Temp\nm9860.tmp
testCCompiler.c
Linking C executable cmTC_fb9eb.exe
	C:\Users\hehexd\AppData\Local\JetBrains\Toolbox\apps\CLion\ch-0\202.7660.37\bin\cmake\win\bin\cmake.exe -E vs_link_exe --intdir=CMakeFiles\cmTC_fb9eb.dir --rc=C:\PROGRA~2\WI3CF2~1\10\bin\10.0.18362.0\x86\rc.exe --mt=C:\PROGRA~2\WI3CF2~1\10\bin\10.0.18362.0\x86\mt.exe --manifests  -- C:\PROGRA~2\MICROS~2\2019\Community\VC\Tools\MSVC\14.27.29110\bin\Hostx86\x86\link.exe /nologo @CMakeFiles\cmTC_fb9eb.dir\objects1.rsp @C:\Users\hehexd\AppData\Local\Temp\nm99D8.tmp



Detecting C compiler ABI info compiled with the following output:
Change Dir: C:/Users/hehexd/Desktop/Drive/UoM/Programozas Alapjai/Gyakorlas1/cmake-build-debug/CMakeFiles/CMakeTmp

Run Build Command(s):nmake /nologo cmTC_66df6\fast && 	"C:\Program Files (x86)\Microsoft Visual Studio\2019\Community\VC\Tools\MSVC\14.27.29110\bin\HostX86\x86\nmake.exe"  -f CMakeFiles\cmTC_66df6.dir\build.make /nologo -L                  CMakeFiles\cmTC_66df6.dir\build
Building C object CMakeFiles/cmTC_66df6.dir/CMakeCCompilerABI.c.obj
	C:\PROGRA~2\MICROS~2\2019\Community\VC\Tools\MSVC\14.27.29110\bin\Hostx86\x86\cl.exe @C:\Users\hehexd\AppData\Local\Temp\nm9D51.tmp
CMakeCCompilerABI.c
Linking C executable cmTC_66df6.exe
	C:\Users\hehexd\AppData\Local\JetBrains\Toolbox\apps\CLion\ch-0\202.7660.37\bin\cmake\win\bin\cmake.exe -E vs_link_exe --intdir=CMakeFiles\cmTC_66df6.dir --rc=C:\PROGRA~2\WI3CF2~1\10\bin\10.0.18362.0\x86\rc.exe --mt=C:\PROGRA~2\WI3CF2~1\10\bin\10.0.18362.0\x86\mt.exe --manifests  -- C:\PROGRA~2\MICROS~2\2019\Community\VC\Tools\MSVC\14.27.29110\bin\Hostx86\x86\link.exe /nologo @CMakeFiles\cmTC_66df6.dir\objects1.rsp @C:\Users\hehexd\AppData\Local\Temp\nm9DCF.tmp



